<?xml version="1.0" encoding="UTF-8"?>
<testng-results skipped="0" failed="0" total="1" passed="1">
  <reporter-output>
  </reporter-output>
  <suite name="Suite" duration-ms="19" started-at="2019-05-29T04:40:07Z" finished-at="2019-05-29T04:40:07Z">
    <groups>
    </groups>
    <test name="Test" duration-ms="19" started-at="2019-05-29T04:40:07Z" finished-at="2019-05-29T04:40:07Z">
      <class name="com.techm.selenium.home.TC003">
        <test-method status="PASS" signature="TC0023()[pri:0, instance:com.techm.selenium.home.TC003@48bfd]" name="TC0023" duration-ms="7" started-at="2019-05-29T10:10:07Z" finished-at="2019-05-29T10:10:07Z">
          <reporter-output>
          </reporter-output>
        </test-method> <!-- TC0023 -->
      </class> <!-- com.techm.selenium.home.TC003 -->
    </test> <!-- Test -->
  </suite> <!-- Suite -->
</testng-results>
